0:0:0:0:0:0:0:1%0 -  -  [04/10/2013:08:17:48 +0000] "GET /solr HTTP/1.1" 302 0 
0:0:0:0:0:0:0:1%0 -  -  [04/10/2013:08:17:48 +0000] "GET /solr/ HTTP/1.1" 200 444 
0:0:0:0:0:0:0:1%0 -  -  [04/10/2013:08:17:49 +0000] "GET /solr/solr-admin.css HTTP/1.1" 404 1396 
0:0:0:0:0:0:0:1%0 -  -  [04/10/2013:08:17:49 +0000] "GET /solr/admin/solr_small.png HTTP/1.1" 200 7926 
0:0:0:0:0:0:0:1%0 -  -  [04/10/2013:08:17:49 +0000] "GET /solr/favicon.ico HTTP/1.1" 200 1146 
0:0:0:0:0:0:0:1%0 -  -  [04/10/2013:08:17:51 +0000] "GET /solr/admin/ HTTP/1.1" 200 3765 
0:0:0:0:0:0:0:1%0 -  -  [04/10/2013:08:17:51 +0000] "GET /solr/admin/favicon.ico HTTP/1.1" 200 1146 
0:0:0:0:0:0:0:1%0 -  -  [04/10/2013:08:17:51 +0000] "GET /solr/admin/solr-admin.css HTTP/1.1" 200 3846 
0:0:0:0:0:0:0:1%0 -  -  [04/10/2013:08:18:06 +0000] "POST /solr/update HTTP/1.1" 500 4730 
0:0:0:0:0:0:0:1%0 -  -  [04/10/2013:08:18:06 +0000] "POST /solr/update HTTP/1.1" 200 148 
0:0:0:0:0:0:0:1%0 -  -  [04/10/2013:08:27:07 +0000] "POST /solr/update HTTP/1.1" 200 149 
0:0:0:0:0:0:0:1%0 -  -  [04/10/2013:08:27:07 +0000] "POST /solr/update HTTP/1.1" 200 148 
0:0:0:0:0:0:0:1%0 -  -  [04/10/2013:08:27:28 +0000] "GET /solr/admin/stats.jsp HTTP/1.1" 200 34219 
0:0:0:0:0:0:0:1%0 -  -  [04/10/2013:08:27:28 +0000] "GET /solr/admin/stats.xsl HTTP/1.1" 200 6518 
0:0:0:0:0:0:0:1%0 -  -  [04/10/2013:08:27:35 +0000] "GET /favicon.ico HTTP/1.1" 200 1150 
0:0:0:0:0:0:0:1%0 -  -  [04/10/2013:08:27:39 +0000] "GET /solr/select/?q=IRA&version=2.2&start=0&rows=10&indent=on HTTP/1.1" 200 13292 
0:0:0:0:0:0:0:1%0 -  -  [04/10/2013:08:28:15 +0000] "GET /solr/admin/analysis.jsp?highlight=on HTTP/1.1" 200 1668 
0:0:0:0:0:0:0:1%0 -  -  [04/10/2013:08:28:28 +0000] "GET /solr/select/?q=IRA&version=2.2&start=0&rows=10&indent=on HTTP/1.1" 304 0 
0:0:0:0:0:0:0:1%0 -  -  [04/10/2013:08:28:54 +0000] "GET /solr/select/?q=IRA&version=2.2&start=0&rows=10&indent=on&debugQuery=true HTTP/1.1" 200 16162 
0:0:0:0:0:0:0:1%0 -  -  [04/10/2013:08:28:54 +0000] "GET /favicon.ico HTTP/1.1" 304 0 
0:0:0:0:0:0:0:1%0 -  -  [04/10/2013:08:31:30 +0000] "GET /favicon.ico HTTP/1.1" 304 0 
0:0:0:0:0:0:0:1%0 -  -  [04/10/2013:08:31:35 +0000] "GET /solr/select/?q=acat&version=2.2&start=0&rows=10&indent=on HTTP/1.1" 200 1724 
0:0:0:0:0:0:0:1%0 -  -  [04/10/2013:08:31:57 +0000] "GET /solr/select/?q=transfers&version=2.2&start=0&rows=10&indent=on HTTP/1.1" 200 13298 
0:0:0:0:0:0:0:1%0 -  -  [04/10/2013:08:47:49 +0000] "POST /solr/update HTTP/1.1" 200 149 
0:0:0:0:0:0:0:1%0 -  -  [04/10/2013:08:47:49 +0000] "POST /solr/update HTTP/1.1" 200 148 
0:0:0:0:0:0:0:1%0 -  -  [04/10/2013:08:47:57 +0000] "GET /favicon.ico HTTP/1.1" 200 1150 
0:0:0:0:0:0:0:1%0 -  -  [04/10/2013:08:47:59 +0000] "GET /solr/admin/stats.jsp HTTP/1.1" 200 34215 
0:0:0:0:0:0:0:1%0 -  -  [04/10/2013:08:48:02 +0000] "GET /favicon.ico HTTP/1.1" 304 0 
0:0:0:0:0:0:0:1%0 -  -  [04/10/2013:08:48:04 +0000] "GET /solr/select/?q=transfers&version=2.2&start=0&rows=10&indent=on HTTP/1.1" 200 856 
0:0:0:0:0:0:0:1%0 -  -  [04/10/2013:08:48:05 +0000] "GET /favicon.ico HTTP/1.1" 304 0 
0:0:0:0:0:0:0:1%0 -  -  [04/10/2013:08:50:08 +0000] "GET /favicon.ico HTTP/1.1" 304 0 
0:0:0:0:0:0:0:1%0 -  -  [04/10/2013:08:50:12 +0000] "GET /solr/select/?q=ira+transfers&version=2.2&start=0&rows=10&indent=on HTTP/1.1" 200 2911 
0:0:0:0:0:0:0:1%0 -  -  [04/10/2013:08:50:29 +0000] "GET /solr/select/?q=ira+transfers&version=2.2&start=0&rows=10&indent=on&debugQuery=true HTTP/1.1" 200 7693 
0:0:0:0:0:0:0:1%0 -  -  [04/10/2013:08:50:30 +0000] "GET /favicon.ico HTTP/1.1" 304 0 
0:0:0:0:0:0:0:1%0 -  -  [04/10/2013:08:51:08 +0000] "GET /favicon.ico HTTP/1.1" 304 0 
0:0:0:0:0:0:0:1%0 -  -  [04/10/2013:08:52:18 +0000] "GET /favicon.ico HTTP/1.1" 304 0 
0:0:0:0:0:0:0:1%0 -  -  [04/10/2013:08:52:25 +0000] "GET /solr/select/?q=403+b%0D%0A&version=2.2&start=0&rows=10&indent=on HTTP/1.1" 200 2440 
0:0:0:0:0:0:0:1%0 -  -  [04/10/2013:08:52:45 +0000] "GET /solr/select/?q=403+b%0D%0A&version=2.2&start=0&rows=10&indent=on HTTP/1.1" 304 0 
0:0:0:0:0:0:0:1%0 -  -  [04/10/2013:08:52:53 +0000] "GET /favicon.ico HTTP/1.1" 304 0 
0:0:0:0:0:0:0:1%0 -  -  [04/10/2013:08:52:58 +0000] "GET /solr/select/?q=why+etrade&version=2.2&start=0&rows=10&indent=on HTTP/1.1" 200 2443 
